5296:APP_OPEN:startTime=1716942443250
6644:GENERAL_SHOW_PERSPECTIVE:perspective=org.jkiss.dbeaver.core.perspective
6644:GENERAL_VIEW_OPEN:view=org.jkiss.dbeaver.core.databaseNavigator
6647:GENERAL_SHOW_PERSPECTIVE:perspective=org.jkiss.dbeaver.core.perspective
6647:GENERAL_VIEW_OPEN:view=org.jkiss.dbeaver.core.databaseNavigator
34090:Open connection:driver=oracle:oracle_thin
36479:ENTITY_EDITOR_OPEN:className=DataSourceDescriptor&driver=oracle:oracle_thin
38583:ENTITY_EDITOR_OPEN:className=OracleSchema&driver=oracle:oracle_thin
91317:SQL_EDITOR_OPEN:driver=oracle:oracle_thin
98763:SQL_EDITOR_OPEN:driver=oracle:oracle_thin
6135580:SQL_EDITOR_OPEN:driver=
6874955:SQL_EDITOR_EXECUTE_QUERY
6874955:SQL_EDITOR_EXECUTE_QUERY
6885820:SQL_EDITOR_EXECUTE_QUERY
6885820:SQL_EDITOR_EXECUTE_QUERY
6999187:SQL_EDITOR_EXECUTE_QUERY
6999187:SQL_EDITOR_EXECUTE_QUERY
7176949:SQL_EDITOR_EXECUTE_QUERY
7176949:SQL_EDITOR_EXECUTE_QUERY
7181394:SQL_EDITOR_EXECUTE_QUERY
7181394:SQL_EDITOR_EXECUTE_QUERY
7186394:SQL_EDITOR_EXECUTE_QUERY
7186394:SQL_EDITOR_EXECUTE_QUERY
7373764:SQL_EDITOR_EXECUTE_QUERY
7373764:SQL_EDITOR_EXECUTE_QUERY
7400243:SQL_EDITOR_EXECUTE_QUERY
7400243:SQL_EDITOR_EXECUTE_QUERY
7426219:SQL_EDITOR_EXECUTE_QUERY
7426219:SQL_EDITOR_EXECUTE_QUERY
7522970:SQL_EDITOR_EXECUTE_QUERY
7522970:SQL_EDITOR_EXECUTE_QUERY
7527787:SQL_EDITOR_EXECUTE_QUERY
7527787:SQL_EDITOR_EXECUTE_QUERY
7538899:SQL_EDITOR_EXECUTE_QUERY
7538899:SQL_EDITOR_EXECUTE_QUERY
7553889:SQL_EDITOR_EXECUTE_QUERY
7553889:SQL_EDITOR_EXECUTE_QUERY
7632768:SQL_EDITOR_EXECUTE_QUERY
7632768:SQL_EDITOR_EXECUTE_QUERY
7634779:SQL_EDITOR_EXECUTE_QUERY
7634779:SQL_EDITOR_EXECUTE_QUERY
7638275:SQL_EDITOR_EXECUTE_QUERY
7638275:SQL_EDITOR_EXECUTE_QUERY
7842922:SQL_EDITOR_EXECUTE_QUERY
7842922:SQL_EDITOR_EXECUTE_QUERY
7906026:SQL_EDITOR_EXECUTE_QUERY
7906026:SQL_EDITOR_EXECUTE_QUERY
7907298:SQL_EDITOR_EXECUTE_QUERY
7907298:SQL_EDITOR_EXECUTE_QUERY
7927681:SQL_EDITOR_EXECUTE_QUERY
7927681:SQL_EDITOR_EXECUTE_QUERY
9205120:SQL_EDITOR_EXECUTE_QUERY
9205120:SQL_EDITOR_EXECUTE_QUERY
9273024:SQL_EDITOR_EXECUTE_QUERY
9273024:SQL_EDITOR_EXECUTE_QUERY
9325768:SQL_EDITOR_EXECUTE_QUERY
9325768:SQL_EDITOR_EXECUTE_QUERY
9544184:SQL_EDITOR_EXECUTE_QUERY
9544184:SQL_EDITOR_EXECUTE_QUERY
9554808:SQL_EDITOR_EXECUTE_QUERY
9554808:SQL_EDITOR_EXECUTE_QUERY
9557995:SQL_EDITOR_EXECUTE_QUERY
9557995:SQL_EDITOR_EXECUTE_QUERY
9646759:SQL_EDITOR_EXECUTE_QUERY
9646759:SQL_EDITOR_EXECUTE_QUERY
9931775:SQL_EDITOR_EXECUTE_QUERY
9931775:SQL_EDITOR_EXECUTE_QUERY
9933591:SQL_EDITOR_EXECUTE_QUERY
9933591:SQL_EDITOR_EXECUTE_QUERY
9944575:SQL_EDITOR_EXECUTE_QUERY
9944575:SQL_EDITOR_EXECUTE_QUERY
10097846:SQL_EDITOR_EXECUTE_QUERY
10097846:SQL_EDITOR_EXECUTE_QUERY
10104153:SQL_EDITOR_EXECUTE_QUERY
10104153:SQL_EDITOR_EXECUTE_QUERY
10125711:SQL_EDITOR_EXECUTE_QUERY
10125711:SQL_EDITOR_EXECUTE_QUERY
10135118:SQL_EDITOR_EXECUTE_QUERY
10135118:SQL_EDITOR_EXECUTE_QUERY
10280359:SQL_EDITOR_EXECUTE_QUERY
10280359:SQL_EDITOR_EXECUTE_QUERY
10391110:SQL_EDITOR_EXECUTE_QUERY
10391110:SQL_EDITOR_EXECUTE_QUERY
10427463:SQL_EDITOR_EXECUTE_QUERY
10427463:SQL_EDITOR_EXECUTE_QUERY
10453799:SQL_EDITOR_EXECUTE_QUERY
10453799:SQL_EDITOR_EXECUTE_QUERY
10474799:SQL_EDITOR_EXECUTE_QUERY
10474799:SQL_EDITOR_EXECUTE_QUERY
10619854:SQL_EDITOR_EXECUTE_QUERY
10619855:SQL_EDITOR_EXECUTE_QUERY
10682493:SQL_EDITOR_EXECUTE_QUERY
10682493:SQL_EDITOR_EXECUTE_QUERY
10801854:SQL_EDITOR_EXECUTE_QUERY
10801854:SQL_EDITOR_EXECUTE_QUERY
11414422:SQL_EDITOR_EXECUTE_QUERY
11414422:SQL_EDITOR_EXECUTE_QUERY
11415726:SQL_EDITOR_EXECUTE_QUERY
11415726:SQL_EDITOR_EXECUTE_QUERY
11709022:SQL_EDITOR_EXECUTE_QUERY
11709022:SQL_EDITOR_EXECUTE_QUERY
12038629:SQL_EDITOR_EXECUTE_QUERY
12038629:SQL_EDITOR_EXECUTE_QUERY
12049005:SQL_EDITOR_EXECUTE_QUERY
12049005:SQL_EDITOR_EXECUTE_QUERY
12060421:SQL_EDITOR_EXECUTE_QUERY
12060421:SQL_EDITOR_EXECUTE_QUERY
12088853:SQL_EDITOR_EXECUTE_QUERY
12088853:SQL_EDITOR_EXECUTE_QUERY
12090389:SQL_EDITOR_EXECUTE_QUERY
12090389:SQL_EDITOR_EXECUTE_QUERY
12091605:SQL_EDITOR_EXECUTE_QUERY
12091606:SQL_EDITOR_EXECUTE_QUERY
12191948:SQL_EDITOR_EXECUTE_QUERY
12191948:SQL_EDITOR_EXECUTE_QUERY
12192820:SQL_EDITOR_EXECUTE_QUERY
12192820:SQL_EDITOR_EXECUTE_QUERY
12201109:SQL_EDITOR_EXECUTE_QUERY
12201109:SQL_EDITOR_EXECUTE_QUERY
12213756:SQL_EDITOR_EXECUTE_QUERY
12213756:SQL_EDITOR_EXECUTE_QUERY
12214690:SQL_EDITOR_EXECUTE_QUERY
12214690:SQL_EDITOR_EXECUTE_QUERY
12216340:SQL_EDITOR_EXECUTE_QUERY
12216340:SQL_EDITOR_EXECUTE_QUERY
12245021:SQL_EDITOR_EXECUTE_QUERY
12245021:SQL_EDITOR_EXECUTE_QUERY
12245749:SQL_EDITOR_EXECUTE_QUERY
12245750:SQL_EDITOR_EXECUTE_QUERY
12246204:SQL_EDITOR_EXECUTE_QUERY
12246204:SQL_EDITOR_EXECUTE_QUERY
12246756:SQL_EDITOR_EXECUTE_QUERY
12246756:SQL_EDITOR_EXECUTE_QUERY
12248036:SQL_EDITOR_EXECUTE_QUERY
12248036:SQL_EDITOR_EXECUTE_QUERY
12248876:SQL_EDITOR_EXECUTE_QUERY
12248876:SQL_EDITOR_EXECUTE_QUERY
12250524:SQL_EDITOR_EXECUTE_QUERY
12250524:SQL_EDITOR_EXECUTE_QUERY
12261836:SQL_EDITOR_EXECUTE_QUERY
12261836:SQL_EDITOR_EXECUTE_QUERY
12262781:SQL_EDITOR_EXECUTE_QUERY
12262781:SQL_EDITOR_EXECUTE_QUERY
12263092:SQL_EDITOR_EXECUTE_QUERY
12263092:SQL_EDITOR_EXECUTE_QUERY
12263403:SQL_EDITOR_EXECUTE_QUERY
12263403:SQL_EDITOR_EXECUTE_QUERY
12263652:SQL_EDITOR_EXECUTE_QUERY
12263652:SQL_EDITOR_EXECUTE_QUERY
12264605:SQL_EDITOR_EXECUTE_QUERY
12264605:SQL_EDITOR_EXECUTE_QUERY
12266573:SQL_EDITOR_EXECUTE_QUERY
12266573:SQL_EDITOR_EXECUTE_QUERY
12374260:SQL_EDITOR_EXECUTE_QUERY
12374260:SQL_EDITOR_EXECUTE_QUERY
12425332:SQL_EDITOR_EXECUTE_QUERY
12425333:SQL_EDITOR_EXECUTE_QUERY
12426220:SQL_EDITOR_EXECUTE_QUERY
12426220:SQL_EDITOR_EXECUTE_QUERY
12427388:SQL_EDITOR_EXECUTE_QUERY
12427388:SQL_EDITOR_EXECUTE_QUERY
12428340:SQL_EDITOR_EXECUTE_QUERY
12428340:SQL_EDITOR_EXECUTE_QUERY
12429988:SQL_EDITOR_EXECUTE_QUERY
12429988:SQL_EDITOR_EXECUTE_QUERY
12432364:SQL_EDITOR_EXECUTE_QUERY
12432364:SQL_EDITOR_EXECUTE_QUERY
12441468:SQL_EDITOR_EXECUTE_QUERY
12441468:SQL_EDITOR_EXECUTE_QUERY
12487524:SQL_EDITOR_EXECUTE_QUERY
12487524:SQL_EDITOR_EXECUTE_QUERY
12495701:SQL_EDITOR_EXECUTE_QUERY
12495701:SQL_EDITOR_EXECUTE_QUERY
12497660:SQL_EDITOR_EXECUTE_QUERY
12497660:SQL_EDITOR_EXECUTE_QUERY
12504060:SQL_EDITOR_EXECUTE_QUERY
12504060:SQL_EDITOR_EXECUTE_QUERY
12507813:SQL_EDITOR_EXECUTE_QUERY
12507813:SQL_EDITOR_EXECUTE_QUERY
12512963:SQL_EDITOR_EXECUTE_QUERY
12512964:SQL_EDITOR_EXECUTE_QUERY
12534654:SQL_EDITOR_EXECUTE_QUERY
12534654:SQL_EDITOR_EXECUTE_QUERY
12537236:SQL_EDITOR_EXECUTE_QUERY
12537236:SQL_EDITOR_EXECUTE_QUERY
12589604:SQL_EDITOR_EXECUTE_QUERY
12589604:SQL_EDITOR_EXECUTE_QUERY
12596925:SQL_EDITOR_EXECUTE_QUERY
12596925:SQL_EDITOR_EXECUTE_QUERY
12604728:SQL_EDITOR_EXECUTE_QUERY
12604728:SQL_EDITOR_EXECUTE_QUERY
12607908:SQL_EDITOR_EXECUTE_QUERY
12607908:SQL_EDITOR_EXECUTE_QUERY
12609492:SQL_EDITOR_EXECUTE_QUERY
12609492:SQL_EDITOR_EXECUTE_QUERY
12610375:SQL_EDITOR_EXECUTE_QUERY
12610375:SQL_EDITOR_EXECUTE_QUERY
12611332:SQL_EDITOR_EXECUTE_QUERY
12611332:SQL_EDITOR_EXECUTE_QUERY
12612228:SQL_EDITOR_EXECUTE_QUERY
12612228:SQL_EDITOR_EXECUTE_QUERY
12613100:SQL_EDITOR_EXECUTE_QUERY
12613100:SQL_EDITOR_EXECUTE_QUERY
12614892:SQL_EDITOR_EXECUTE_QUERY
12614892:SQL_EDITOR_EXECUTE_QUERY
12617940:SQL_EDITOR_EXECUTE_QUERY
12617940:SQL_EDITOR_EXECUTE_QUERY
12650731:SQL_EDITOR_EXECUTE_QUERY
12650731:SQL_EDITOR_EXECUTE_QUERY
12652500:SQL_EDITOR_EXECUTE_QUERY
12652500:SQL_EDITOR_EXECUTE_QUERY
12657668:SQL_EDITOR_EXECUTE_QUERY
12657668:SQL_EDITOR_EXECUTE_QUERY
12855804:SQL_EDITOR_EXECUTE_QUERY
12855804:SQL_EDITOR_EXECUTE_QUERY
12864619:ENTITY_EDITOR_OPEN:className=OracleTable&driver=oracle:oracle_thin
12870473:DATA_EDIT_OPEN:objectType=OracleTable
12889501:ENTITY_EDITOR_OPEN:className=OracleSequence&driver=oracle:oracle_thin
12917404:SQL_EDITOR_EXECUTE_QUERY
12917404:SQL_EDITOR_EXECUTE_QUERY
85921480:Open connection:driver=oracle:oracle_thin
85921576:SQL_EDITOR_OPEN:driver=oracle:oracle_thin
85922180:ENTITY_EDITOR_OPEN:className=OracleSchema&driver=oracle:oracle_thin
86816980:SQL_EDITOR_OPEN:driver=oracle:oracle_thin
86829247:SQL_EDITOR_EXECUTE_QUERY
86829247:SQL_EDITOR_EXECUTE_QUERY
86849838:SQL_EDITOR_OPEN:driver=
86956855:SQL_EDITOR_EXECUTE_QUERY
86956855:SQL_EDITOR_EXECUTE_QUERY
86963247:SQL_EDITOR_EXECUTE_QUERY
86963247:SQL_EDITOR_EXECUTE_QUERY
87339278:SQL_EDITOR_EXECUTE_QUERY
87339278:SQL_EDITOR_EXECUTE_QUERY
87341670:SQL_EDITOR_EXECUTE_QUERY
87341670:SQL_EDITOR_EXECUTE_QUERY
87344159:SQL_EDITOR_EXECUTE_QUERY
87344159:SQL_EDITOR_EXECUTE_QUERY
87345422:SQL_EDITOR_EXECUTE_QUERY
87345422:SQL_EDITOR_EXECUTE_QUERY
87347391:SQL_EDITOR_EXECUTE_QUERY
87347391:SQL_EDITOR_EXECUTE_QUERY
87352079:SQL_EDITOR_EXECUTE_QUERY
87352079:SQL_EDITOR_EXECUTE_QUERY
87354165:SQL_EDITOR_EXECUTE_QUERY
87354165:SQL_EDITOR_EXECUTE_QUERY
87361695:SQL_EDITOR_EXECUTE_QUERY
87361695:SQL_EDITOR_EXECUTE_QUERY
87363702:SQL_EDITOR_EXECUTE_QUERY
87363702:SQL_EDITOR_EXECUTE_QUERY
87370574:SQL_EDITOR_EXECUTE_QUERY
87370574:SQL_EDITOR_EXECUTE_QUERY
87382686:SQL_EDITOR_EXECUTE_QUERY
87382686:SQL_EDITOR_EXECUTE_QUERY
87384630:SQL_EDITOR_EXECUTE_QUERY
87384630:SQL_EDITOR_EXECUTE_QUERY
87386102:SQL_EDITOR_EXECUTE_QUERY
87386102:SQL_EDITOR_EXECUTE_QUERY
87477094:SQL_EDITOR_EXECUTE_QUERY
87477094:SQL_EDITOR_EXECUTE_QUERY
87484038:SQL_EDITOR_EXECUTE_QUERY
87484038:SQL_EDITOR_EXECUTE_QUERY
87505646:SQL_EDITOR_EXECUTE_QUERY
87505646:SQL_EDITOR_EXECUTE_QUERY
87722709:SQL_EDITOR_EXECUTE_QUERY
87722709:SQL_EDITOR_EXECUTE_QUERY
87852477:SQL_EDITOR_EXECUTE_QUERY
87852477:SQL_EDITOR_EXECUTE_QUERY
87925775:SQL_EDITOR_EXECUTE_QUERY
87925775:SQL_EDITOR_EXECUTE_QUERY
87928621:SQL_EDITOR_EXECUTE_QUERY
87928621:SQL_EDITOR_EXECUTE_QUERY
88014190:SQL_EDITOR_EXECUTE_QUERY
88014190:SQL_EDITOR_EXECUTE_QUERY
88015080:SQL_EDITOR_EXECUTE_QUERY
88015080:SQL_EDITOR_EXECUTE_QUERY
88033468:SQL_EDITOR_EXECUTE_QUERY
88033468:SQL_EDITOR_EXECUTE_QUERY
88102741:SQL_EDITOR_EXECUTE_QUERY
88102741:SQL_EDITOR_EXECUTE_QUERY
88399396:SQL_EDITOR_EXECUTE_QUERY
88399396:SQL_EDITOR_EXECUTE_QUERY
88491796:SQL_EDITOR_EXECUTE_QUERY
88491796:SQL_EDITOR_EXECUTE_QUERY
88675524:SQL_EDITOR_EXECUTE_QUERY
88675524:SQL_EDITOR_EXECUTE_QUERY
88869324:SQL_EDITOR_EXECUTE_QUERY
88869324:SQL_EDITOR_EXECUTE_QUERY
88870340:SQL_EDITOR_EXECUTE_QUERY
88870340:SQL_EDITOR_EXECUTE_QUERY
88871148:SQL_EDITOR_EXECUTE_QUERY
88871148:SQL_EDITOR_EXECUTE_QUERY
88872141:SQL_EDITOR_EXECUTE_QUERY
88872141:SQL_EDITOR_EXECUTE_QUERY
88873092:SQL_EDITOR_EXECUTE_QUERY
88873092:SQL_EDITOR_EXECUTE_QUERY
88873916:SQL_EDITOR_EXECUTE_QUERY
88873916:SQL_EDITOR_EXECUTE_QUERY
88874932:SQL_EDITOR_EXECUTE_QUERY
88874932:SQL_EDITOR_EXECUTE_QUERY
88929828:SQL_EDITOR_EXECUTE_QUERY
88929828:SQL_EDITOR_EXECUTE_QUERY
89106620:SQL_EDITOR_EXECUTE_QUERY
89106620:SQL_EDITOR_EXECUTE_QUERY
89145979:SQL_EDITOR_EXECUTE_QUERY
89145979:SQL_EDITOR_EXECUTE_QUERY
89151411:SQL_EDITOR_EXECUTE_QUERY
89151411:SQL_EDITOR_EXECUTE_QUERY
89167451:SQL_EDITOR_EXECUTE_QUERY
89167451:SQL_EDITOR_EXECUTE_QUERY
89174300:SQL_EDITOR_EXECUTE_QUERY
89174300:SQL_EDITOR_EXECUTE_QUERY
89176156:SQL_EDITOR_EXECUTE_QUERY
89176156:SQL_EDITOR_EXECUTE_QUERY
89179980:SQL_EDITOR_EXECUTE_QUERY
89179980:SQL_EDITOR_EXECUTE_QUERY
89181428:SQL_EDITOR_EXECUTE_QUERY
89181428:SQL_EDITOR_EXECUTE_QUERY
89182259:SQL_EDITOR_EXECUTE_QUERY
89182259:SQL_EDITOR_EXECUTE_QUERY
89186051:SQL_EDITOR_EXECUTE_QUERY
89186051:SQL_EDITOR_EXECUTE_QUERY
91460151:SQL_EDITOR_OPEN:driver=
92959391:SQL_EDITOR_EXECUTE_QUERY
92959391:SQL_EDITOR_EXECUTE_QUERY
92996591:SQL_EDITOR_EXECUTE_QUERY
92996591:SQL_EDITOR_EXECUTE_QUERY
93001166:SQL_EDITOR_EXECUTE_QUERY
93001166:SQL_EDITOR_EXECUTE_QUERY
93017583:SQL_EDITOR_EXECUTE_QUERY
93017583:SQL_EDITOR_EXECUTE_QUERY
93130119:SQL_EDITOR_EXECUTE_QUERY
93130119:SQL_EDITOR_EXECUTE_QUERY
93132319:SQL_EDITOR_EXECUTE_QUERY
93132319:SQL_EDITOR_EXECUTE_QUERY
93152808:SQL_EDITOR_EXECUTE_QUERY
93152808:SQL_EDITOR_EXECUTE_QUERY
93166310:SQL_EDITOR_EXECUTE_QUERY
93166310:SQL_EDITOR_EXECUTE_QUERY
93174791:SQL_EDITOR_EXECUTE_QUERY
93174791:SQL_EDITOR_EXECUTE_QUERY
93177311:SQL_EDITOR_EXECUTE_QUERY
93177311:SQL_EDITOR_EXECUTE_QUERY
93178302:SQL_EDITOR_EXECUTE_QUERY
93178302:SQL_EDITOR_EXECUTE_QUERY
93182535:SQL_EDITOR_EXECUTE_QUERY
93182535:SQL_EDITOR_EXECUTE_QUERY
93185438:SQL_EDITOR_EXECUTE_QUERY
93185438:SQL_EDITOR_EXECUTE_QUERY
93187343:SQL_EDITOR_EXECUTE_QUERY
93187343:SQL_EDITOR_EXECUTE_QUERY
93268094:SQL_EDITOR_EXECUTE_QUERY
93268094:SQL_EDITOR_EXECUTE_QUERY
93389839:SQL_EDITOR_EXECUTE_QUERY
93389839:SQL_EDITOR_EXECUTE_QUERY
93409143:SQL_EDITOR_EXECUTE_QUERY
93409143:SQL_EDITOR_EXECUTE_QUERY
93433767:SQL_EDITOR_EXECUTE_QUERY
93433767:SQL_EDITOR_EXECUTE_QUERY
93456638:ENTITY_EDITOR_OPEN:className=OracleTable&driver=oracle:oracle_thin
93479765:SQL_EDITOR_EXECUTE_QUERY
93479765:SQL_EDITOR_EXECUTE_QUERY
93560182:SQL_EDITOR_EXECUTE_QUERY
93560182:SQL_EDITOR_EXECUTE_QUERY
93976814:SQL_EDITOR_EXECUTE_QUERY
93976814:SQL_EDITOR_EXECUTE_QUERY
94047669:SQL_EDITOR_EXECUTE_QUERY
94047669:SQL_EDITOR_EXECUTE_QUERY
94048774:SQL_EDITOR_EXECUTE_QUERY
94048774:SQL_EDITOR_EXECUTE_QUERY
94051158:SQL_EDITOR_EXECUTE_QUERY
94051158:SQL_EDITOR_EXECUTE_QUERY
94057942:SQL_EDITOR_EXECUTE_QUERY
94057942:SQL_EDITOR_EXECUTE_QUERY
94059910:SQL_EDITOR_EXECUTE_QUERY
94059910:SQL_EDITOR_EXECUTE_QUERY
94061327:SQL_EDITOR_EXECUTE_QUERY
94061327:SQL_EDITOR_EXECUTE_QUERY
94062199:SQL_EDITOR_EXECUTE_QUERY
94062199:SQL_EDITOR_EXECUTE_QUERY
94103951:SQL_EDITOR_EXECUTE_QUERY
94103951:SQL_EDITOR_EXECUTE_QUERY
94105910:SQL_EDITOR_EXECUTE_QUERY
94105910:SQL_EDITOR_EXECUTE_QUERY
95497491:SQL_EDITOR_EXECUTE_QUERY
95497491:SQL_EDITOR_EXECUTE_QUERY
95577637:SQL_EDITOR_EXECUTE_QUERY
95577637:SQL_EDITOR_EXECUTE_QUERY
95578901:SQL_EDITOR_EXECUTE_QUERY
95578901:SQL_EDITOR_EXECUTE_QUERY
95783035:SQL_EDITOR_EXECUTE_QUERY
95783035:SQL_EDITOR_EXECUTE_QUERY
95803004:SQL_EDITOR_EXECUTE_QUERY
95803004:SQL_EDITOR_EXECUTE_QUERY
96094579:SQL_EDITOR_EXECUTE_QUERY
96094579:SQL_EDITOR_EXECUTE_QUERY
96135739:SQL_EDITOR_EXECUTE_QUERY
96135739:SQL_EDITOR_EXECUTE_QUERY
96152986:SQL_EDITOR_EXECUTE_QUERY
96152986:SQL_EDITOR_EXECUTE_QUERY
96165011:SQL_EDITOR_EXECUTE_QUERY
96165011:SQL_EDITOR_EXECUTE_QUERY
96182675:SQL_EDITOR_EXECUTE_QUERY
96182675:SQL_EDITOR_EXECUTE_QUERY
96225708:SQL_EDITOR_EXECUTE_QUERY
96225708:SQL_EDITOR_EXECUTE_QUERY
96233828:SQL_EDITOR_EXECUTE_QUERY
96233828:SQL_EDITOR_EXECUTE_QUERY
96241474:SQL_EDITOR_EXECUTE_QUERY
96241474:SQL_EDITOR_EXECUTE_QUERY
96508643:SQL_EDITOR_EXECUTE_QUERY
96508643:SQL_EDITOR_EXECUTE_QUERY
96517082:SQL_EDITOR_EXECUTE_QUERY
96517082:SQL_EDITOR_EXECUTE_QUERY
96521211:SQL_EDITOR_EXECUTE_QUERY
96521211:SQL_EDITOR_EXECUTE_QUERY
96532770:SQL_EDITOR_EXECUTE_QUERY
96532770:SQL_EDITOR_EXECUTE_QUERY
96539687:SQL_EDITOR_EXECUTE_QUERY
96539687:SQL_EDITOR_EXECUTE_QUERY
97313674:SQL_EDITOR_EXECUTE_QUERY
97313674:SQL_EDITOR_EXECUTE_QUERY
97662841:SQL_EDITOR_EXECUTE_QUERY
97662841:SQL_EDITOR_EXECUTE_QUERY
97681498:SQL_EDITOR_EXECUTE_QUERY
97681498:SQL_EDITOR_EXECUTE_QUERY
97731801:SQL_EDITOR_EXECUTE_QUERY
97731801:SQL_EDITOR_EXECUTE_QUERY
97742881:SQL_EDITOR_EXECUTE_QUERY
97742881:SQL_EDITOR_EXECUTE_QUERY
97745105:SQL_EDITOR_EXECUTE_QUERY
97745105:SQL_EDITOR_EXECUTE_QUERY
97747097:SQL_EDITOR_EXECUTE_QUERY
97747097:SQL_EDITOR_EXECUTE_QUERY
97755448:SQL_EDITOR_EXECUTE_QUERY
97755448:SQL_EDITOR_EXECUTE_QUERY
97894426:SQL_EDITOR_EXECUTE_QUERY
97894426:SQL_EDITOR_EXECUTE_QUERY
97901185:SQL_EDITOR_EXECUTE_QUERY
97901185:SQL_EDITOR_EXECUTE_QUERY
97980424:SQL_EDITOR_EXECUTE_QUERY
97980424:SQL_EDITOR_EXECUTE_QUERY
98049617:SQL_EDITOR_EXECUTE_QUERY
98049617:SQL_EDITOR_EXECUTE_QUERY
98055877:SQL_EDITOR_EXECUTE_QUERY
98055877:SQL_EDITOR_EXECUTE_QUERY
98059393:SQL_EDITOR_EXECUTE_QUERY
98059393:SQL_EDITOR_EXECUTE_QUERY
98061514:SQL_EDITOR_EXECUTE_QUERY
98061514:SQL_EDITOR_EXECUTE_QUERY
104003741:SQL_SCRIPT_NEW
104003741:SQL_SCRIPT_NEW
104003925:SQL_EDITOR_OPEN:driver=oracle:oracle_thin
104224146:SQL_EDITOR_EXECUTE_QUERY
104224146:SQL_EDITOR_EXECUTE_QUERY
104229210:SQL_EDITOR_EXECUTE_QUERY
104229210:SQL_EDITOR_EXECUTE_QUERY
104253034:SQL_EDITOR_EXECUTE_QUERY
104253034:SQL_EDITOR_EXECUTE_QUERY
104593264:SQL_EDITOR_EXECUTE_QUERY
104593264:SQL_EDITOR_EXECUTE_QUERY
104653366:SQL_EDITOR_EXECUTE_QUERY
104653366:SQL_EDITOR_EXECUTE_QUERY
104660605:SQL_EDITOR_EXECUTE_QUERY
104660605:SQL_EDITOR_EXECUTE_QUERY
104801072:SQL_EDITOR_EXECUTE_QUERY
104801072:SQL_EDITOR_EXECUTE_QUERY
104820361:SQL_EDITOR_EXECUTE_QUERY
104820361:SQL_EDITOR_EXECUTE_QUERY
105032846:SQL_EDITOR_EXECUTE_QUERY
105032846:SQL_EDITOR_EXECUTE_QUERY
105034058:SQL_EDITOR_EXECUTE_QUERY
105034058:SQL_EDITOR_EXECUTE_QUERY
105034641:SQL_EDITOR_EXECUTE_QUERY
105034641:SQL_EDITOR_EXECUTE_QUERY
105127705:SQL_EDITOR_EXECUTE_QUERY
105127705:SQL_EDITOR_EXECUTE_QUERY
105130846:SQL_EDITOR_EXECUTE_QUERY
105130846:SQL_EDITOR_EXECUTE_QUERY
105132680:SQL_EDITOR_EXECUTE_QUERY
105132680:SQL_EDITOR_EXECUTE_QUERY
105133374:SQL_EDITOR_EXECUTE_QUERY
105133374:SQL_EDITOR_EXECUTE_QUERY
105134032:SQL_EDITOR_EXECUTE_QUERY
105134032:SQL_EDITOR_EXECUTE_QUERY
105138773:SQL_EDITOR_EXECUTE_QUERY
105138773:SQL_EDITOR_EXECUTE_QUERY
105543640:SQL_EDITOR_EXECUTE_QUERY
105543640:SQL_EDITOR_EXECUTE_QUERY
105543917:SQL_EDITOR_EXECUTE_QUERY
105543917:SQL_EDITOR_EXECUTE_QUERY
105708343:SQL_EDITOR_EXECUTE_QUERY
105708343:SQL_EDITOR_EXECUTE_QUERY
105742543:SQL_EDITOR_LOAD_PLAN
105742543:SQL_EDITOR_LOAD_PLAN
105771223:SQL_EDITOR_EXECUTE_QUERY
105771223:SQL_EDITOR_EXECUTE_QUERY
106679799:SQL_EDITOR_EXECUTE_QUERY
106679799:SQL_EDITOR_EXECUTE_QUERY
106691367:SQL_EDITOR_EXECUTE_QUERY
106691367:SQL_EDITOR_EXECUTE_QUERY
106693895:SQL_EDITOR_EXECUTE_QUERY
106693895:SQL_EDITOR_EXECUTE_QUERY
106708103:SQL_EDITOR_EXECUTE_QUERY
106708103:SQL_EDITOR_EXECUTE_QUERY
106716688:SQL_EDITOR_EXECUTE_QUERY
106716688:SQL_EDITOR_EXECUTE_QUERY
106728686:SQL_EDITOR_EXECUTE_QUERY
106728686:SQL_EDITOR_EXECUTE_QUERY
106800965:Edit connection:driver=oracle:oracle_thin
109098476:SQL_EDITOR_EXECUTE_QUERY
109098476:SQL_EDITOR_EXECUTE_QUERY
109123259:SQL_EDITOR_EXECUTE_QUERY
109123259:SQL_EDITOR_EXECUTE_QUERY
109159276:SQL_EDITOR_EXECUTE_QUERY
109159276:SQL_EDITOR_EXECUTE_QUERY
109242203:SQL_EDITOR_EXECUTE_QUERY
109242203:SQL_EDITOR_EXECUTE_QUERY
109738283:SQL_EDITOR_EXECUTE_QUERY
109738283:SQL_EDITOR_EXECUTE_QUERY
109741011:SQL_EDITOR_EXECUTE_QUERY
109741011:SQL_EDITOR_EXECUTE_QUERY
109748891:SQL_EDITOR_EXECUTE_QUERY
109748891:SQL_EDITOR_EXECUTE_QUERY
109749348:SQL_EDITOR_EXECUTE_QUERY
109749348:SQL_EDITOR_EXECUTE_QUERY
109757546:SQL_EDITOR_EXECUTE_QUERY
109757546:SQL_EDITOR_EXECUTE_QUERY
109764635:SQL_EDITOR_EXECUTE_QUERY
109764635:SQL_EDITOR_EXECUTE_QUERY
109765634:SQL_EDITOR_EXECUTE_QUERY
109765634:SQL_EDITOR_EXECUTE_QUERY
109766939:SQL_EDITOR_EXECUTE_QUERY
109766939:SQL_EDITOR_EXECUTE_QUERY
109767307:SQL_EDITOR_EXECUTE_QUERY
109767307:SQL_EDITOR_EXECUTE_QUERY
109886644:SQL_EDITOR_EXECUTE_QUERY
109886644:SQL_EDITOR_EXECUTE_QUERY
109892589:SQL_EDITOR_EXECUTE_QUERY
109892589:SQL_EDITOR_EXECUTE_QUERY
109914530:SQL_EDITOR_EXECUTE_QUERY_NEW
109914530:SQL_EDITOR_EXECUTE_QUERY_NEW
109916450:SQL_EDITOR_EXECUTE_QUERY
109916450:SQL_EDITOR_EXECUTE_QUERY
109954519:SQL_EDITOR_OPEN:driver=
110281668:SQL_EDITOR_EXECUTE_QUERY
110281668:SQL_EDITOR_EXECUTE_QUERY
110316010:SQL_EDITOR_EXECUTE_QUERY
110316010:SQL_EDITOR_EXECUTE_QUERY
110436979:SQL_EDITOR_EXECUTE_QUERY
110436979:SQL_EDITOR_EXECUTE_QUERY
110442591:SQL_EDITOR_EXECUTE_QUERY
110442591:SQL_EDITOR_EXECUTE_QUERY
110454043:SQL_EDITOR_EXECUTE_QUERY
110454043:SQL_EDITOR_EXECUTE_QUERY
110467698:SQL_EDITOR_EXECUTE_QUERY
110467698:SQL_EDITOR_EXECUTE_QUERY
110468241:SQL_EDITOR_EXECUTE_QUERY
110468241:SQL_EDITOR_EXECUTE_QUERY
110468475:SQL_EDITOR_EXECUTE_QUERY
110468475:SQL_EDITOR_EXECUTE_QUERY
110468688:SQL_EDITOR_EXECUTE_QUERY
110468688:SQL_EDITOR_EXECUTE_QUERY
110468918:SQL_EDITOR_EXECUTE_QUERY
110468918:SQL_EDITOR_EXECUTE_QUERY
110469170:SQL_EDITOR_EXECUTE_QUERY
110469170:SQL_EDITOR_EXECUTE_QUERY
110469381:SQL_EDITOR_EXECUTE_QUERY
110469381:SQL_EDITOR_EXECUTE_QUERY
110469617:SQL_EDITOR_EXECUTE_QUERY
110469617:SQL_EDITOR_EXECUTE_QUERY
110469858:SQL_EDITOR_EXECUTE_QUERY
110469858:SQL_EDITOR_EXECUTE_QUERY
110470082:SQL_EDITOR_EXECUTE_QUERY
110470082:SQL_EDITOR_EXECUTE_QUERY
110470305:SQL_EDITOR_EXECUTE_QUERY
110470305:SQL_EDITOR_EXECUTE_QUERY
110470554:SQL_EDITOR_EXECUTE_QUERY
110470554:SQL_EDITOR_EXECUTE_QUERY
110488642:SQL_EDITOR_EXECUTE_QUERY
110488642:SQL_EDITOR_EXECUTE_QUERY
110510249:SQL_EDITOR_EXECUTE_QUERY
110510249:SQL_EDITOR_EXECUTE_QUERY
110513528:SQL_EDITOR_EXECUTE_QUERY
110513528:SQL_EDITOR_EXECUTE_QUERY
110619521:SQL_EDITOR_EXECUTE_QUERY
110619521:SQL_EDITOR_EXECUTE_QUERY
110661521:SQL_EDITOR_EXECUTE_QUERY
110661521:SQL_EDITOR_EXECUTE_QUERY
110794361:SQL_EDITOR_EXECUTE_QUERY
110794361:SQL_EDITOR_EXECUTE_QUERY
110805337:SQL_EDITOR_EXECUTE_QUERY
110805337:SQL_EDITOR_EXECUTE_QUERY
110815778:SQL_EDITOR_EXECUTE_QUERY
110815778:SQL_EDITOR_EXECUTE_QUERY
110915097:SQL_EDITOR_EXECUTE_QUERY
110915097:SQL_EDITOR_EXECUTE_QUERY
110926448:SQL_EDITOR_EXECUTE_QUERY
110926448:SQL_EDITOR_EXECUTE_QUERY
110964280:SQL_EDITOR_EXECUTE_QUERY
110964280:SQL_EDITOR_EXECUTE_QUERY
111033475:SQL_EDITOR_OPEN:driver=oracle:oracle_thin
111100752:SQL_EDITOR_EXECUTE_QUERY
111100752:SQL_EDITOR_EXECUTE_QUERY
111603312:SQL_EDITOR_EXECUTE_QUERY
111603312:SQL_EDITOR_EXECUTE_QUERY
111624985:SQL_EDITOR_EXECUTE_QUERY
111624985:SQL_EDITOR_EXECUTE_QUERY
111691714:SQL_EDITOR_EXECUTE_QUERY
111691714:SQL_EDITOR_EXECUTE_QUERY
111696360:SQL_EDITOR_EXECUTE_QUERY
111696360:SQL_EDITOR_EXECUTE_QUERY
114129421:SQL_EDITOR_EXECUTE_QUERY
114129421:SQL_EDITOR_EXECUTE_QUERY
114455477:SQL_EDITOR_EXECUTE_QUERY
114455477:SQL_EDITOR_EXECUTE_QUERY
114455796:SQL_EDITOR_EXECUTE_QUERY
114455796:SQL_EDITOR_EXECUTE_QUERY
114480636:SQL_EDITOR_EXECUTE_QUERY
114480636:SQL_EDITOR_EXECUTE_QUERY
114497708:SQL_EDITOR_EXECUTE_QUERY
114497708:SQL_EDITOR_EXECUTE_QUERY
114501736:SQL_EDITOR_EXECUTE_QUERY
114501736:SQL_EDITOR_EXECUTE_QUERY
114508316:SQL_EDITOR_EXECUTE_QUERY
114508316:SQL_EDITOR_EXECUTE_QUERY
114509684:SQL_EDITOR_EXECUTE_QUERY
114509684:SQL_EDITOR_EXECUTE_QUERY
114516779:SQL_EDITOR_EXECUTE_QUERY
114516779:SQL_EDITOR_EXECUTE_QUERY
114593733:SQL_EDITOR_EXECUTE_QUERY
114593733:SQL_EDITOR_EXECUTE_QUERY
114690499:SQL_EDITOR_EXECUTE_QUERY
114690499:SQL_EDITOR_EXECUTE_QUERY
114917891:SQL_EDITOR_EXECUTE_QUERY
114917891:SQL_EDITOR_EXECUTE_QUERY
114939309:SQL_EDITOR_EXECUTE_QUERY
114939309:SQL_EDITOR_EXECUTE_QUERY
115073861:SQL_EDITOR_EXECUTE_QUERY
115073861:SQL_EDITOR_EXECUTE_QUERY
115079892:SQL_EDITOR_EXECUTE_QUERY
115079892:SQL_EDITOR_EXECUTE_QUERY
