10033:APP_OPEN:startTime=1716337760495
11584:GENERAL_SHOW_PERSPECTIVE:perspective=org.jkiss.dbeaver.core.perspective
11584:GENERAL_VIEW_OPEN:view=org.jkiss.dbeaver.core.databaseNavigator
11587:GENERAL_SHOW_PERSPECTIVE:perspective=org.jkiss.dbeaver.core.perspective
11587:GENERAL_VIEW_OPEN:view=org.jkiss.dbeaver.core.databaseNavigator
386312:SQL_EDITOR_OPEN:driver=
405797:Open connection:driver=oracle:oracle_thin
419806:SQL_EDITOR_EXECUTE_QUERY
419806:SQL_EDITOR_EXECUTE_QUERY
449852:SQL_EDITOR_OPEN:driver=
453006:SQL_EDITOR_OPEN:driver=
2335822:SQL_SCRIPT_NEW
2335822:SQL_SCRIPT_NEW
2336000:SQL_EDITOR_OPEN:driver=oracle:oracle_thin
2637237:SQL_EDITOR_EXECUTE_QUERY
2637237:SQL_EDITOR_EXECUTE_QUERY
3147561:ENTITY_EDITOR_OPEN:driver=oracle:oracle_thin&className=OracleTableColumn
3149209:ENTITY_EDITOR_OPEN:driver=oracle:oracle_thin&className=OracleTable
3150663:DATA_EDIT_OPEN:objectType=OracleTable
3154897:ENTITY_EDITOR_OPEN:driver=oracle:oracle_thin&className=OracleTable
3154939:DATA_EDIT_OPEN:objectType=OracleTable
3215635:SQL_EDITOR_EXECUTE_QUERY
3215635:SQL_EDITOR_EXECUTE_QUERY
3487082:SQL_EDITOR_EXECUTE_QUERY
3487083:SQL_EDITOR_EXECUTE_QUERY
4904017:SQL_EDITOR_EXECUTE_QUERY
4904017:SQL_EDITOR_EXECUTE_QUERY
5543337:SQL_EDITOR_EXECUTE_QUERY
5543337:SQL_EDITOR_EXECUTE_QUERY
5576760:SQL_EDITOR_EXECUTE_QUERY
5576760:SQL_EDITOR_EXECUTE_QUERY
5789456:SQL_EDITOR_EXECUTE_QUERY
5789456:SQL_EDITOR_EXECUTE_QUERY
5856916:RESULT_SET_SCROLL
5860422:RESULT_SET_SCROLL
5863672:RESULT_SET_SCROLL
5865029:RESULT_SET_SCROLL
5866039:RESULT_SET_SCROLL
6367046:SQL_EDITOR_EXECUTE_QUERY
6367046:SQL_EDITOR_EXECUTE_QUERY
6368775:SQL_EDITOR_EXECUTE_QUERY
6368775:SQL_EDITOR_EXECUTE_QUERY
6374302:SQL_EDITOR_EXECUTE_QUERY
6374302:SQL_EDITOR_EXECUTE_QUERY
6461542:SQL_EDITOR_EXECUTE_QUERY
6461542:SQL_EDITOR_EXECUTE_QUERY
6468191:RESULT_SET_SCROLL
6478278:SQL_EDITOR_EXECUTE_QUERY
6478278:SQL_EDITOR_EXECUTE_QUERY
6481761:RESULT_SET_SCROLL
6484093:RESULT_SET_SCROLL
6485055:RESULT_SET_SCROLL
6512329:RESULT_SET_SCROLL
6529111:SQL_EDITOR_EXECUTE_QUERY
6529111:SQL_EDITOR_EXECUTE_QUERY
6529157:RESULT_SET_SCROLL
6530798:SQL_EDITOR_EXECUTE_QUERY
6530799:SQL_EDITOR_EXECUTE_QUERY
6530842:RESULT_SET_SCROLL
6551601:RESULT_SET_SCROLL
6693399:SQL_EDITOR_EXECUTE_QUERY
6693399:SQL_EDITOR_EXECUTE_QUERY
6814870:SQL_EDITOR_EXECUTE_QUERY
6814870:SQL_EDITOR_EXECUTE_QUERY
6874750:SQL_EDITOR_EXECUTE_QUERY
6874750:SQL_EDITOR_EXECUTE_QUERY
6875214:SQL_EDITOR_EXECUTE_QUERY
6875214:SQL_EDITOR_EXECUTE_QUERY
6879119:SQL_EDITOR_EXECUTE_QUERY
6879119:SQL_EDITOR_EXECUTE_QUERY
6879566:SQL_EDITOR_EXECUTE_QUERY
6879567:SQL_EDITOR_EXECUTE_QUERY
6881358:SQL_EDITOR_EXECUTE_QUERY
6881358:SQL_EDITOR_EXECUTE_QUERY
6882143:SQL_EDITOR_EXECUTE_QUERY
6882143:SQL_EDITOR_EXECUTE_QUERY
6882782:SQL_EDITOR_EXECUTE_QUERY
6882782:SQL_EDITOR_EXECUTE_QUERY
6883231:SQL_EDITOR_EXECUTE_QUERY
6883231:SQL_EDITOR_EXECUTE_QUERY
6883598:SQL_EDITOR_EXECUTE_QUERY
6883599:SQL_EDITOR_EXECUTE_QUERY
6885654:SQL_EDITOR_EXECUTE_QUERY
6885654:SQL_EDITOR_EXECUTE_QUERY
6885911:SQL_EDITOR_EXECUTE_QUERY
6885911:SQL_EDITOR_EXECUTE_QUERY
7084502:SQL_EDITOR_EXECUTE_QUERY
7084502:SQL_EDITOR_EXECUTE_QUERY
7290054:SQL_EDITOR_EXECUTE_QUERY
7290054:SQL_EDITOR_EXECUTE_QUERY
7306003:ENTITY_EDITOR_OPEN:driver=oracle:oracle_thin&className=OracleTableColumn
7309371:ENTITY_EDITOR_OPEN:driver=oracle:oracle_thin&className=OracleTable
7309407:DATA_EDIT_OPEN:objectType=OracleTable
7326942:ENTITY_EDITOR_OPEN:driver=oracle:oracle_thin&className=OracleTableColumn
7368166:SQL_EDITOR_EXECUTE_QUERY
7368166:SQL_EDITOR_EXECUTE_QUERY
7760541:SQL_EDITOR_EXECUTE_QUERY
7760541:SQL_EDITOR_EXECUTE_QUERY
7916229:ENTITY_EDITOR_OPEN:driver=oracle:oracle_thin&className=OracleTableColumn
7920101:ENTITY_EDITOR_OPEN:driver=oracle:oracle_thin&className=OracleTable
7922975:DATA_EDIT_OPEN:objectType=OracleTable
9111691:SQL_EDITOR_EXECUTE_QUERY
9111691:SQL_EDITOR_EXECUTE_QUERY
9144267:SQL_EDITOR_EXECUTE_QUERY
9144267:SQL_EDITOR_EXECUTE_QUERY
9144499:SQL_EDITOR_EXECUTE_QUERY
9144499:SQL_EDITOR_EXECUTE_QUERY
9144691:SQL_EDITOR_EXECUTE_QUERY
9144691:SQL_EDITOR_EXECUTE_QUERY
9158391:RESULT_SET_SCROLL
9160569:RESULT_SET_SCROLL
9161646:RESULT_SET_SCROLL
9815083:SQL_EDITOR_EXECUTE_QUERY
9815083:SQL_EDITOR_EXECUTE_QUERY
9817171:SQL_EDITOR_EXECUTE_QUERY
9817171:SQL_EDITOR_EXECUTE_QUERY
9845395:SQL_EDITOR_EXECUTE_QUERY
9845395:SQL_EDITOR_EXECUTE_QUERY
9855620:SQL_EDITOR_EXECUTE_QUERY_NEW
9855620:SQL_EDITOR_EXECUTE_QUERY_NEW
9855671:SQL_EDITOR_EXECUTE_QUERY
9855671:SQL_EDITOR_EXECUTE_QUERY
9856339:SQL_EDITOR_EXECUTE_QUERY
9856339:SQL_EDITOR_EXECUTE_QUERY
9937716:SQL_EDITOR_EXECUTE_QUERY
9937716:SQL_EDITOR_EXECUTE_QUERY
9949274:SQL_EDITOR_EXECUTE_QUERY
9949274:SQL_EDITOR_EXECUTE_QUERY
9951539:SQL_EDITOR_EXECUTE_QUERY
9951539:SQL_EDITOR_EXECUTE_QUERY
9955184:RESULT_SET_SCROLL
9955875:RESULT_SET_SCROLL
9962747:SQL_EDITOR_EXECUTE_QUERY
9962747:SQL_EDITOR_EXECUTE_QUERY
9965107:SQL_EDITOR_EXECUTE_QUERY
9965107:SQL_EDITOR_EXECUTE_QUERY
9967700:RESULT_SET_SCROLL
9967731:RESULT_SET_SCROLL
9968566:RESULT_SET_SCROLL
9970039:RESULT_SET_SCROLL
9988354:SQL_EDITOR_EXECUTE_QUERY
9988354:SQL_EDITOR_EXECUTE_QUERY
9988413:RESULT_SET_SCROLL
10654850:SQL_EDITOR_EXECUTE_QUERY
10654850:SQL_EDITOR_EXECUTE_QUERY
10748778:SQL_EDITOR_EXECUTE_QUERY
10748778:SQL_EDITOR_EXECUTE_QUERY
10769754:SQL_EDITOR_EXECUTE_QUERY
10769754:SQL_EDITOR_EXECUTE_QUERY
10775929:SQL_EDITOR_EXECUTE_QUERY
10775929:SQL_EDITOR_EXECUTE_QUERY
10786994:SQL_EDITOR_EXECUTE_QUERY
10786994:SQL_EDITOR_EXECUTE_QUERY
10793769:SQL_EDITOR_EXECUTE_QUERY
10793769:SQL_EDITOR_EXECUTE_QUERY
10794329:SQL_EDITOR_EXECUTE_QUERY
10794329:SQL_EDITOR_EXECUTE_QUERY
10794698:SQL_EDITOR_EXECUTE_QUERY
10794698:SQL_EDITOR_EXECUTE_QUERY
10795610:SQL_EDITOR_EXECUTE_QUERY
10795610:SQL_EDITOR_EXECUTE_QUERY
10796065:SQL_EDITOR_EXECUTE_QUERY
10796065:SQL_EDITOR_EXECUTE_QUERY
10805559:SQL_EDITOR_EXECUTE_QUERY
10805559:SQL_EDITOR_EXECUTE_QUERY
10831369:SQL_EDITOR_EXECUTE_QUERY
10831369:SQL_EDITOR_EXECUTE_QUERY
10854330:SQL_EDITOR_EXECUTE_QUERY
10854330:SQL_EDITOR_EXECUTE_QUERY
11316065:SQL_EDITOR_EXECUTE_QUERY
11316065:SQL_EDITOR_EXECUTE_QUERY
11318593:SQL_EDITOR_EXECUTE_QUERY
11318593:SQL_EDITOR_EXECUTE_QUERY
11372344:SQL_EDITOR_EXECUTE_QUERY
11372344:SQL_EDITOR_EXECUTE_QUERY
11372920:SQL_EDITOR_EXECUTE_QUERY
11372920:SQL_EDITOR_EXECUTE_QUERY
11421585:SQL_EDITOR_EXECUTE_QUERY
11421585:SQL_EDITOR_EXECUTE_QUERY
11447817:SQL_EDITOR_EXECUTE_QUERY
11447817:SQL_EDITOR_EXECUTE_QUERY
11460216:SQL_EDITOR_EXECUTE_QUERY
11460216:SQL_EDITOR_EXECUTE_QUERY
11472151:SQL_EDITOR_EXECUTE_QUERY
11472151:SQL_EDITOR_EXECUTE_QUERY
11945616:SQL_EDITOR_EXECUTE_QUERY
11945616:SQL_EDITOR_EXECUTE_QUERY
12608208:SQL_EDITOR_EXECUTE_QUERY
12608208:SQL_EDITOR_EXECUTE_QUERY
12608640:SQL_EDITOR_EXECUTE_QUERY
12608640:SQL_EDITOR_EXECUTE_QUERY
12608855:SQL_EDITOR_EXECUTE_QUERY
12608855:SQL_EDITOR_EXECUTE_QUERY
12609048:SQL_EDITOR_EXECUTE_QUERY
12609048:SQL_EDITOR_EXECUTE_QUERY
12609328:SQL_EDITOR_EXECUTE_QUERY
12609328:SQL_EDITOR_EXECUTE_QUERY
12609975:SQL_EDITOR_EXECUTE_QUERY
12609975:SQL_EDITOR_EXECUTE_QUERY
12610295:SQL_EDITOR_EXECUTE_QUERY
12610295:SQL_EDITOR_EXECUTE_QUERY
12610518:SQL_EDITOR_EXECUTE_QUERY
12610518:SQL_EDITOR_EXECUTE_QUERY
12610743:SQL_EDITOR_EXECUTE_QUERY
12610743:SQL_EDITOR_EXECUTE_QUERY
12711656:SQL_EDITOR_EXECUTE_QUERY
12711656:SQL_EDITOR_EXECUTE_QUERY
12720311:SQL_EDITOR_EXECUTE_QUERY
12720311:SQL_EDITOR_EXECUTE_QUERY
12729623:SQL_EDITOR_EXECUTE_QUERY
12729623:SQL_EDITOR_EXECUTE_QUERY
12730319:SQL_EDITOR_EXECUTE_QUERY
12730319:SQL_EDITOR_EXECUTE_QUERY
12790935:SQL_EDITOR_EXECUTE_QUERY
12790935:SQL_EDITOR_EXECUTE_QUERY
