2024-05-21 17:05:13.993 - DBeaver 24.0.5.202405191503 is starting
2024-05-21 17:05:13.993 - OS: Windows 11 10.0 (amd64)
2024-05-21 17:05:13.993 - Java version: 17.0.6 by Eclipse Adoptium (64bit)
2024-05-21 17:05:13.994 - Install path: 'C:\Program Files\DBeaver'
2024-05-21 17:05:13.994 - Instance path: 'file:/D:/lecture_jane/Oracle/EX.workspace/'
2024-05-21 17:05:13.995 - Memory available 64Mb/1024Mb
2024-05-21 17:05:14.002 - Create display
2024-05-21 17:05:14.086 - Initialize desktop platform...
2024-05-21 17:05:14.178 - BounceCastle bundle found. Use JCE provider BC
> Start Core File Systems [org.eclipse.core.filesystem 1.10.400.v20240426-1040]
> Start Core Resource Management [org.eclipse.core.resources 3.20.200.v20240426-1040]
> Start 팀 지원 핵심 [org.eclipse.team.core 3.10.400.v20240413-1529]
> Start DBeaver UI Navigator [org.jkiss.dbeaver.ui.navigator 1.0.131.202405191503]
2024-05-21 17:05:14.350 - 
2024-05-21 17:05:14.350 - 	Refreshing workspace.
2024-05-21 17:05:14.350 - Refreshing workspace contents
2024-05-21 17:05:14.413 - Initialize base platform...
2024-05-21 17:05:14.423 - Platform initialized (337ms)
2024-05-21 17:05:14.452 - Starting instance server at http://localhost:64714
2024-05-21 17:05:14.468 - Run workbench
> Start Eclipse e4 작업영역 SWT [org.eclipse.e4.ui.workbench.swt 0.17.400.v20240425-0840]
> Start Eclipse Application Services [org.eclipse.e4.core.services 2.4.400.v20240413-1529]
> Start Eclipse UI Application Services [org.eclipse.e4.ui.services 1.6.300.v20231201-1637]
> Start Eclipse e4 Progress View [org.eclipse.e4.ui.progress 0.4.400.v20240424-0956]
> Start Eclipse Bindings Support [org.eclipse.e4.ui.bindings 0.14.400.v20240321-1245]
> Start Eclipse e4 core commands [org.eclipse.e4.core.commands 1.1.400.v20240424-0444]
> Start EMF XML/XMI Persistence [org.eclipse.emf.ecore.xmi 2.37.0.v20231208-1346]
> Start Eclipse CSS SWT Theme Support [org.eclipse.e4.ui.css.swt.theme 0.14.400.v20240424-0956]
> Start Eclipse e4 작업영역 기능 추가 [org.eclipse.e4.ui.workbench.addons.swt 1.5.400.v20240416-0658]
Warning: NLS unused message: 이유 in: org.eclipse.ui.internal.messages
> Start Eclipse e4 작업영역 SWT 렌더러 [org.eclipse.e4.ui.workbench.renderers.swt 0.16.400.v20240418-1547]
> Start Eclipse Dependency Injection Extensions [org.eclipse.e4.core.di.extensions 0.18.300.v20240413-1529]
> Start Eclipse CSS SWT Support [org.eclipse.e4.ui.css.swt 0.15.400.v20240321-1245]
2024-05-21 17:05:20.178 - Configure workbench window
> Start DBeaver SQL Model [org.jkiss.dbeaver.model.sql 1.0.121.202405191503]
2024-05-21 17:05:20.272 - Total database drivers: 118 (118)
> Start 도움말 시스템 코어 [org.eclipse.help 3.10.400.v20240415-0528]
2024-05-21 17:05:20.382 - Create actions
2024-05-21 17:05:20.389 - Disable Eclipse action set 'org.eclipse.ui.edit.text.actionSet.annotationNavigation'
2024-05-21 17:05:20.389 - Disable Eclipse action set 'org.eclipse.ui.WorkingSetActionSet'
2024-05-21 17:05:20.389 - Disable Eclipse action set 'org.eclipse.ui.actionSet.openFiles'
2024-05-21 17:05:20.390 - Create workbench actions
2024-05-21 17:05:21.065 - Initialize workbench window
2024-05-21 17:05:21.066 - Open external file(s) [[<title>Invalid Configuration Location</title>The configuration area at 'c:\Program Files\DBeaver\configuration' is not writable.  Please choose a writable location using the '-configuration' command line option.-data, D:\lecture_jane\Oracle\EX.workspace]]
2024-05-21 17:05:21.067 - Can't open 'C:\Program Files\DBeaver\<title>Invalid Configuration Location<\title>The configuration area at 'c:\Program Files\DBeaver\configuration' is not writable.  Please choose a writable location using the '-configuration' command line option.-data': file doesn't exist
Warning: NLS unused message: actions_navigator__objects in: org.jkiss.dbeaver.ui.editors.sql.internal.SQLEditorMessages
> Start DBeaver UI Editors - SQL [org.jkiss.dbeaver.ui.editors.sql 1.0.131.202405191503]
> Start GEF Classic Draw2d [org.eclipse.draw2d 3.16.0.202405011806]
> Start GEF Classic GEF (MVC) [org.eclipse.gef 3.18.0.202405011806]
> Start DBeaver ERD UI [org.jkiss.dbeaver.erd.ui 3.0.91.202405191503]
> Start DBeaver ERD Model [org.jkiss.dbeaver.erd.model 1.0.91.202405191503]
> Start DBeaver Dashboard UI [org.jkiss.dbeaver.ui.dashboard 1.0.128.202405191503]
> Start DBeaver Dashboards Model [org.jkiss.dbeaver.model.dashboard 1.0.4.202405191503]
> Start 기본 문서 편집기 [org.eclipse.ui.editors 3.17.300.v20240416-0658]
> Start 텍스트 편집기 프레임워크 [org.eclipse.ui.workbench.texteditor 3.17.400.v20240424-0941]
Warning: NLS unused message: FindReplace_title in: org.eclipse.ui.texteditor.EditorMessages
Warning: NLS unused message: FindReplace_Find_label in: org.eclipse.ui.texteditor.EditorMessages
Warning: NLS unused message: FindReplace_Replace_label in: org.eclipse.ui.texteditor.EditorMessages
Warning: NLS unused message: FindReplace_Direction in: org.eclipse.ui.texteditor.EditorMessages
Warning: NLS unused message: FindReplace_ForwardRadioButton_label in: org.eclipse.ui.texteditor.EditorMessages
Warning: NLS unused message: FindReplace_BackwardRadioButton_label in: org.eclipse.ui.texteditor.EditorMessages
Warning: NLS unused message: FindReplace_Scope in: org.eclipse.ui.texteditor.EditorMessages
Warning: NLS unused message: FindReplace_GlobalRadioButton_label in: org.eclipse.ui.texteditor.EditorMessages
Warning: NLS unused message: FindReplace_SelectedRangeRadioButton_label in: org.eclipse.ui.texteditor.EditorMessages
Warning: NLS unused message: FindReplace_Options in: org.eclipse.ui.texteditor.EditorMessages
Warning: NLS unused message: FindReplace_CaseCheckBox_label in: org.eclipse.ui.texteditor.EditorMessages
Warning: NLS unused message: FindReplace_WrapCheckBox_label in: org.eclipse.ui.texteditor.EditorMessages
Warning: NLS unused message: FindReplace_WholeWordCheckBox_label in: org.eclipse.ui.texteditor.EditorMessages
Warning: NLS unused message: FindReplace_IncrementalCheckBox_label in: org.eclipse.ui.texteditor.EditorMessages
Warning: NLS unused message: FindReplace_RegExCheckbox_label in: org.eclipse.ui.texteditor.EditorMessages
Warning: NLS unused message: FindReplace_FindNextButton_label in: org.eclipse.ui.texteditor.EditorMessages
Warning: NLS unused message: FindReplace_ReplaceFindButton_label in: org.eclipse.ui.texteditor.EditorMessages
Warning: NLS unused message: FindReplace_ReplaceSelectionButton_label in: org.eclipse.ui.texteditor.EditorMessages
Warning: NLS unused message: FindReplace_ReplaceAllButton_label in: org.eclipse.ui.texteditor.EditorMessages
Warning: NLS unused message: FindReplace_SelectAllButton_label in: org.eclipse.ui.texteditor.EditorMessages
Warning: NLS unused message: FindReplace_CloseButton_label in: org.eclipse.ui.texteditor.EditorMessages
Warning: NLS unused message: FindReplace_Status_replacements_label in: org.eclipse.ui.texteditor.EditorMessages
> Start 핵심 비교 지원 [org.eclipse.compare.core 3.8.500.v20240415-1311]
> Start DBeaver UI Editors - Data [org.jkiss.dbeaver.ui.editors.data 1.0.131.202405191503]
2024-05-21 17:05:25.205 - Finish initialization
> Start 인터넷 연결 관리 사용자 인터페이스 [org.eclipse.ui.net 1.5.400.v20240413-1529]
> Start Internet Connection Management [org.eclipse.core.net 1.5.400.v20240413-1529]
> Start DBeaver Sample Database [org.jkiss.dbeaver.ext.sample.database 1.0.168.202405191503]
> Start DBeaver Tip of the day [org.jkiss.dbeaver.ext.ui.tipoftheday 1.0.137.202405191503]
2024-05-21 17:05:28.410 - Open [https://dbeaver.io/product/version.xml]
> Start DBeaver UI Editors - Connections [org.jkiss.dbeaver.ui.editors.connection 1.0.122.202405191503]
> Start DBeaver Oracle UI [org.jkiss.dbeaver.ext.oracle.ui 1.0.118.202405191503]
> Start DBeaver Oracle Model [org.jkiss.dbeaver.ext.oracle 2.1.216.202405191503]
> Start DBeaver JDBC Model [org.jkiss.dbeaver.model.jdbc 1.0.24.202405191503]
2024-05-21 17:05:32.777 - Unrecognized Oracle client version at C:\app\bitcamp\product\21c\dbhomeXE
2024-05-21 17:05:32.850 - Auth model 'native' was replaced by 'oracle_native'
2024-05-21 17:05:32.863 - Service 'org.jkiss.dbeaver.runtime.ui.UIServiceSecurity' not found
2024-05-21 17:06:05.142 - Open [https://repo1.maven.org/maven2/com/oracle/database/jdbc/ojdbc11/23.2.0.0/ojdbc11-23.2.0.0.pom]
2024-05-21 17:06:05.723 - Open [https://repo1.maven.org/maven2/com/oracle/database/nls/orai18n/23.2.0.0/orai18n-23.2.0.0.pom]
2024-05-21 17:06:05.872 - Open [https://repo1.maven.org/maven2/com/oracle/database/xml/xdb6/18.3.0.0/xdb6-18.3.0.0.pom]
2024-05-21 17:06:06.031 - Open [https://repo1.maven.org/maven2/com/oracle/database/xml/xmlparserv2/18.3.0.0/xmlparserv2-18.3.0.0.pom]
2024-05-21 17:06:06.187 - Open [https://repo1.maven.org/maven2/com/oracle/database/xml/xmlparserv2/23.2.0.0/xmlparserv2-23.2.0.0.pom]
2024-05-21 17:06:09.102 - Connect with 'jdbc:oracle:thin:@//localhost:1521/ORCL' (oracle_thin-18f9a2fa5ea-6e43b473439548e0)
2024-05-21 17:06:09.121 - Execution context opened (jdbc:oracle:thin:@//localhost:1521/ORCL; Main; 0)
2024-05-21 17:06:10.067 - Error creating driver 'Oracle' instance.
Most likely required jar files are missing.
You should configure jars in driver settings.

Reason: can't load driver class 'oracle.jdbc.OracleDriver'
org.jkiss.dbeaver.DBException: Error creating driver 'Oracle' instance.
Most likely required jar files are missing.
You should configure jars in driver settings.

Reason: can't load driver class 'oracle.jdbc.OracleDriver'
	at org.jkiss.dbeaver.registry.driver.DriverDescriptor.loadDriver(DriverDescriptor.java:1287)
	at org.jkiss.dbeaver.registry.driver.DriverDescriptor.loadDriver(DriverDescriptor.java:1216)
	at org.jkiss.dbeaver.registry.driver.DriverDescriptor.getDriverInstance(DriverDescriptor.java:755)
	at org.jkiss.dbeaver.model.impl.jdbc.JDBCDataSource.getDriverInstance(JDBCDataSource.java:721)
	at org.jkiss.dbeaver.model.impl.jdbc.JDBCDataSource.createDriverInstance(JDBCDataSource.java:282)
	at org.jkiss.dbeaver.model.impl.jdbc.JDBCDataSource.openConnection(JDBCDataSource.java:198)
	at org.jkiss.dbeaver.ext.oracle.model.OracleDataSource.openConnection(OracleDataSource.java:176)
	at org.jkiss.dbeaver.model.impl.jdbc.JDBCExecutionContext.connect(JDBCExecutionContext.java:106)
	at org.jkiss.dbeaver.model.impl.jdbc.JDBCRemoteInstance.initializeMainContext(JDBCRemoteInstance.java:102)
	at org.jkiss.dbeaver.model.impl.jdbc.JDBCRemoteInstance.<init>(JDBCRemoteInstance.java:61)
	at org.jkiss.dbeaver.model.impl.jdbc.JDBCDataSource.initializeRemoteInstance(JDBCDataSource.java:119)
	at org.jkiss.dbeaver.model.impl.jdbc.JDBCDataSource.<init>(JDBCDataSource.java:103)
	at org.jkiss.dbeaver.model.impl.jdbc.JDBCDataSource.<init>(JDBCDataSource.java:94)
	at org.jkiss.dbeaver.ext.oracle.model.OracleDataSource.<init>(OracleDataSource.java:94)
	at org.jkiss.dbeaver.ext.oracle.OracleDataSourceProvider.openDataSource(OracleDataSourceProvider.java:143)
	at org.jkiss.dbeaver.registry.DataSourceDescriptor.openDataSource(DataSourceDescriptor.java:1368)
	at org.jkiss.dbeaver.registry.DataSourceDescriptor.connect0(DataSourceDescriptor.java:1245)
	at org.jkiss.dbeaver.registry.DataSourceDescriptor.connect(DataSourceDescriptor.java:1035)
	at org.jkiss.dbeaver.runtime.jobs.ConnectJob.run(ConnectJob.java:78)
	at org.jkiss.dbeaver.runtime.jobs.ConnectionTestJob.run(ConnectionTestJob.java:103)
	at org.jkiss.dbeaver.model.runtime.AbstractJob.run(AbstractJob.java:115)
	at org.eclipse.core.internal.jobs.Worker.run(Worker.java:63)
Caused by: java.lang.ClassNotFoundException: oracle.jdbc.OracleDriver
	at java.base/java.net.URLClassLoader.findClass(Unknown Source)
	at java.base/java.lang.ClassLoader.loadClass(Unknown Source)
	at java.base/java.lang.ClassLoader.loadClass(Unknown Source)
	at java.base/java.lang.Class.forName0(Native Method)
	at java.base/java.lang.Class.forName(Unknown Source)
	at org.jkiss.dbeaver.registry.driver.DriverDescriptor.loadDriver(DriverDescriptor.java:1285)
	... 21 more
2024-05-21 17:06:28.210 - Connect with 'localhost' (oracle_thin-18f9a2f27e2-3002481d11ec9fcb)
2024-05-21 17:06:28.210 - Execution context opened (localhost; Main; 1)
2024-05-21 17:06:33.251 - Connect with 'localhost' (oracle_thin-18f9a2f27e2-3002481d11ec9fcb)
2024-05-21 17:06:33.251 - Execution context opened (localhost; Main; 2)
2024-05-21 17:06:37.816 - DBeaver is stopping
2024-05-21 17:06:37.817 - Stop instance server
2024-05-21 17:06:38.828 - DBeaver shutdown completed
