2024-05-21 17:06:42.260 - DBeaver 24.0.5.202405191503 is starting
2024-05-21 17:06:42.260 - OS: Windows 11 10.0 (amd64)
2024-05-21 17:06:42.264 - Java version: 17.0.6 by Eclipse Adoptium (64bit)
2024-05-21 17:06:42.264 - Install path: 'C:\Program Files\DBeaver'
2024-05-21 17:06:42.264 - Instance path: 'file:/D:/lecture_jane/Oracle/EX.workspace/'
2024-05-21 17:06:42.264 - Memory available 64Mb/1024Mb
2024-05-21 17:06:42.264 - Create display
2024-05-21 17:06:42.328 - Initialize desktop platform...
2024-05-21 17:06:42.386 - BounceCastle bundle found. Use JCE provider BC
> Start Core File Systems [org.eclipse.core.filesystem 1.10.400.v20240426-1040]
> Start Core Resource Management [org.eclipse.core.resources 3.20.200.v20240426-1040]
> Start 팀 지원 핵심 [org.eclipse.team.core 3.10.400.v20240413-1529]
> Start DBeaver UI Navigator [org.jkiss.dbeaver.ui.navigator 1.0.131.202405191503]
2024-05-21 17:06:42.486 - Initialize base platform...
2024-05-21 17:06:42.499 - Platform initialized (170ms)
> Start DBeaver UI Editors - Base [org.jkiss.dbeaver.ui.editors.base 1.0.131.202405191503]
2024-05-21 17:06:42.526 - Starting instance server at http://localhost:64728
2024-05-21 17:06:42.528 - Run workbench
> Start Eclipse e4 작업영역 SWT [org.eclipse.e4.ui.workbench.swt 0.17.400.v20240425-0840]
> Start Eclipse Application Services [org.eclipse.e4.core.services 2.4.400.v20240413-1529]
> Start Eclipse UI Application Services [org.eclipse.e4.ui.services 1.6.300.v20231201-1637]
> Start Eclipse e4 Progress View [org.eclipse.e4.ui.progress 0.4.400.v20240424-0956]
> Start Eclipse Bindings Support [org.eclipse.e4.ui.bindings 0.14.400.v20240321-1245]
> Start Eclipse e4 core commands [org.eclipse.e4.core.commands 1.1.400.v20240424-0444]
> Start EMF XML/XMI Persistence [org.eclipse.emf.ecore.xmi 2.37.0.v20231208-1346]
> Start Eclipse CSS SWT Theme Support [org.eclipse.e4.ui.css.swt.theme 0.14.400.v20240424-0956]
> Start Eclipse e4 작업영역 기능 추가 [org.eclipse.e4.ui.workbench.addons.swt 1.5.400.v20240416-0658]
Warning: NLS unused message: 이유 in: org.eclipse.ui.internal.messages
> Start Eclipse e4 작업영역 SWT 렌더러 [org.eclipse.e4.ui.workbench.renderers.swt 0.16.400.v20240418-1547]
> Start Eclipse Dependency Injection Extensions [org.eclipse.e4.core.di.extensions 0.18.300.v20240413-1529]
> Start Eclipse CSS SWT Support [org.eclipse.e4.ui.css.swt 0.15.400.v20240321-1245]
2024-05-21 17:06:43.401 - Configure workbench window
> Start DBeaver SQL Model [org.jkiss.dbeaver.model.sql 1.0.121.202405191503]
2024-05-21 17:06:43.482 - Total database drivers: 118 (118)
> Start 도움말 시스템 코어 [org.eclipse.help 3.10.400.v20240415-0528]
2024-05-21 17:06:43.528 - Create actions
2024-05-21 17:06:43.532 - Disable Eclipse action set 'org.eclipse.ui.edit.text.actionSet.annotationNavigation'
2024-05-21 17:06:43.532 - Disable Eclipse action set 'org.eclipse.ui.WorkingSetActionSet'
2024-05-21 17:06:43.533 - Disable Eclipse action set 'org.eclipse.ui.actionSet.openFiles'
2024-05-21 17:06:43.533 - Create workbench actions
2024-05-21 17:06:43.749 - Initialize workbench window
2024-05-21 17:06:43.753 - Finish initialization
> Start 텍스트 편집기 프레임워크 [org.eclipse.ui.workbench.texteditor 3.17.400.v20240424-0941]
> Start 기본 문서 편집기 [org.eclipse.ui.editors 3.17.300.v20240416-0658]
Warning: NLS unused message: FindReplace_title in: org.eclipse.ui.texteditor.EditorMessages
Warning: NLS unused message: FindReplace_Find_label in: org.eclipse.ui.texteditor.EditorMessages
Warning: NLS unused message: FindReplace_Replace_label in: org.eclipse.ui.texteditor.EditorMessages
Warning: NLS unused message: FindReplace_Direction in: org.eclipse.ui.texteditor.EditorMessages
Warning: NLS unused message: FindReplace_ForwardRadioButton_label in: org.eclipse.ui.texteditor.EditorMessages
Warning: NLS unused message: FindReplace_BackwardRadioButton_label in: org.eclipse.ui.texteditor.EditorMessages
Warning: NLS unused message: FindReplace_Scope in: org.eclipse.ui.texteditor.EditorMessages
Warning: NLS unused message: FindReplace_GlobalRadioButton_label in: org.eclipse.ui.texteditor.EditorMessages
Warning: NLS unused message: FindReplace_SelectedRangeRadioButton_label in: org.eclipse.ui.texteditor.EditorMessages
Warning: NLS unused message: FindReplace_Options in: org.eclipse.ui.texteditor.EditorMessages
Warning: NLS unused message: FindReplace_CaseCheckBox_label in: org.eclipse.ui.texteditor.EditorMessages
Warning: NLS unused message: FindReplace_WrapCheckBox_label in: org.eclipse.ui.texteditor.EditorMessages
Warning: NLS unused message: FindReplace_WholeWordCheckBox_label in: org.eclipse.ui.texteditor.EditorMessages
Warning: NLS unused message: FindReplace_IncrementalCheckBox_label in: org.eclipse.ui.texteditor.EditorMessages
Warning: NLS unused message: FindReplace_RegExCheckbox_label in: org.eclipse.ui.texteditor.EditorMessages
Warning: NLS unused message: FindReplace_FindNextButton_label in: org.eclipse.ui.texteditor.EditorMessages
Warning: NLS unused message: FindReplace_ReplaceFindButton_label in: org.eclipse.ui.texteditor.EditorMessages
Warning: NLS unused message: FindReplace_ReplaceSelectionButton_label in: org.eclipse.ui.texteditor.EditorMessages
Warning: NLS unused message: FindReplace_ReplaceAllButton_label in: org.eclipse.ui.texteditor.EditorMessages
Warning: NLS unused message: FindReplace_SelectAllButton_label in: org.eclipse.ui.texteditor.EditorMessages
Warning: NLS unused message: FindReplace_CloseButton_label in: org.eclipse.ui.texteditor.EditorMessages
Warning: NLS unused message: FindReplace_Status_replacements_label in: org.eclipse.ui.texteditor.EditorMessages
> Start 핵심 비교 지원 [org.eclipse.compare.core 3.8.500.v20240415-1311]
> Start DBeaver UI Editors - Data [org.jkiss.dbeaver.ui.editors.data 1.0.131.202405191503]
> Start 인터넷 연결 관리 사용자 인터페이스 [org.eclipse.ui.net 1.5.400.v20240413-1529]
> Start Internet Connection Management [org.eclipse.core.net 1.5.400.v20240413-1529]
Warning: NLS unused message: actions_navigator__objects in: org.jkiss.dbeaver.ui.editors.sql.internal.SQLEditorMessages
> Start DBeaver UI Editors - SQL [org.jkiss.dbeaver.ui.editors.sql 1.0.131.202405191503]
> Start DBeaver Sample Database [org.jkiss.dbeaver.ext.sample.database 1.0.168.202405191503]
> Start DBeaver Tip of the day [org.jkiss.dbeaver.ext.ui.tipoftheday 1.0.137.202405191503]
> Start GEF Classic Draw2d [org.eclipse.draw2d 3.16.0.202405011806]
> Start GEF Classic GEF (MVC) [org.eclipse.gef 3.18.0.202405011806]
> Start DBeaver ERD UI [org.jkiss.dbeaver.erd.ui 3.0.91.202405191503]
> Start DBeaver ERD Model [org.jkiss.dbeaver.erd.model 1.0.91.202405191503]
> Start DBeaver Dashboard UI [org.jkiss.dbeaver.ui.dashboard 1.0.128.202405191503]
> Start DBeaver Dashboards Model [org.jkiss.dbeaver.model.dashboard 1.0.4.202405191503]
> Start DBeaver JDBC Model [org.jkiss.dbeaver.model.jdbc 1.0.24.202405191503]
> Start DBeaver Oracle Model [org.jkiss.dbeaver.ext.oracle 2.1.216.202405191503]
> Start DBeaver UI Editors - Connections [org.jkiss.dbeaver.ui.editors.connection 1.0.122.202405191503]
2024-05-21 17:06:56.278 - Open [https://repo1.maven.org/maven2/com/oracle/database/jdbc/ojdbc11/23.2.0.0/ojdbc11-23.2.0.0.jar]
2024-05-21 17:06:57.972 - Open [https://repo1.maven.org/maven2/com/oracle/database/nls/orai18n/23.2.0.0/orai18n-23.2.0.0.jar]
2024-05-21 17:06:58.153 - Open [https://repo1.maven.org/maven2/com/oracle/database/xml/xdb6/18.3.0.0/xdb6-18.3.0.0.jar]
2024-05-21 17:06:58.325 - Open [https://repo1.maven.org/maven2/com/oracle/database/xml/xmlparserv2/18.3.0.0/xmlparserv2-18.3.0.0.jar]
2024-05-21 17:06:58.521 - Open [https://repo1.maven.org/maven2/com/oracle/database/xml/xmlparserv2/23.2.0.0/xmlparserv2-23.2.0.0.jar]
2024-05-21 17:06:58.743 - Connect with 'localhost' (oracle_thin-18f9a2f27e2-3002481d11ec9fcb)
2024-05-21 17:06:58.763 - Execution context opened (localhost; Main; 0)
2024-05-21 17:06:59.160 - ORA-12505: 데이터베이스에 접속할 수 없음: SID %s이(가) %s의 리스너에 등록되지 않았습니다. (CONNECTION_ID=LfTicfKsTVq6u5DG8yZtQg==)
org.jkiss.dbeaver.model.exec.DBCConnectException: ORA-12505: 데이터베이스에 접속할 수 없음: SID %s이(가) %s의 리스너에 등록되지 않았습니다. (CONNECTION_ID=LfTicfKsTVq6u5DG8yZtQg==)
	at org.jkiss.dbeaver.model.impl.jdbc.JDBCDataSource.openConnection(JDBCDataSource.java:265)
	at org.jkiss.dbeaver.ext.oracle.model.OracleDataSource.openConnection(OracleDataSource.java:176)
	at org.jkiss.dbeaver.model.impl.jdbc.JDBCExecutionContext.connect(JDBCExecutionContext.java:106)
	at org.jkiss.dbeaver.model.impl.jdbc.JDBCRemoteInstance.initializeMainContext(JDBCRemoteInstance.java:102)
	at org.jkiss.dbeaver.model.impl.jdbc.JDBCRemoteInstance.<init>(JDBCRemoteInstance.java:61)
	at org.jkiss.dbeaver.model.impl.jdbc.JDBCDataSource.initializeRemoteInstance(JDBCDataSource.java:119)
	at org.jkiss.dbeaver.model.impl.jdbc.JDBCDataSource.<init>(JDBCDataSource.java:103)
	at org.jkiss.dbeaver.model.impl.jdbc.JDBCDataSource.<init>(JDBCDataSource.java:94)
	at org.jkiss.dbeaver.ext.oracle.model.OracleDataSource.<init>(OracleDataSource.java:94)
	at org.jkiss.dbeaver.ext.oracle.OracleDataSourceProvider.openDataSource(OracleDataSourceProvider.java:143)
	at org.jkiss.dbeaver.registry.DataSourceDescriptor.openDataSource(DataSourceDescriptor.java:1368)
	at org.jkiss.dbeaver.registry.DataSourceDescriptor.connect0(DataSourceDescriptor.java:1245)
	at org.jkiss.dbeaver.registry.DataSourceDescriptor.connect(DataSourceDescriptor.java:1035)
	at org.jkiss.dbeaver.runtime.jobs.ConnectJob.run(ConnectJob.java:78)
	at org.jkiss.dbeaver.runtime.jobs.ConnectJob.runSync(ConnectJob.java:109)
	at org.jkiss.dbeaver.ui.actions.datasource.DataSourceHandler.connectToDataSource(DataSourceHandler.java:113)
	at org.jkiss.dbeaver.ui.actions.datasource.UIServiceConnectionsImpl.initConnection(UIServiceConnectionsImpl.java:87)
	at org.jkiss.dbeaver.model.DBUtils.initDataSource(DBUtils.java:2505)
	at org.jkiss.dbeaver.model.navigator.DBNDataSource.initializeNode(DBNDataSource.java:158)
	at org.jkiss.dbeaver.model.navigator.DBNDatabaseNode.getChildren(DBNDatabaseNode.java:227)
	at org.jkiss.dbeaver.model.navigator.DBNDatabaseNode.getChildren(DBNDatabaseNode.java:1)
	at org.jkiss.dbeaver.model.navigator.DBNUtils.getNodeChildrenFiltered(DBNUtils.java:91)
	at org.jkiss.dbeaver.ui.navigator.database.load.TreeLoadService.evaluate(TreeLoadService.java:49)
	at org.jkiss.dbeaver.ui.navigator.database.load.TreeLoadService.evaluate(TreeLoadService.java:1)
	at org.jkiss.dbeaver.ui.LoadingJob.run(LoadingJob.java:94)
	at org.jkiss.dbeaver.ui.LoadingJob.run(LoadingJob.java:78)
	at org.jkiss.dbeaver.model.runtime.AbstractJob.run(AbstractJob.java:115)
	at org.eclipse.core.internal.jobs.Worker.run(Worker.java:63)
Caused by: java.sql.SQLException: ORA-12505: 데이터베이스에 접속할 수 없음: SID %s이(가) %s의 리스너에 등록되지 않았습니다. (CONNECTION_ID=LfTicfKsTVq6u5DG8yZtQg==)
	at oracle.jdbc.driver.T4CConnection.handleLogonNetException(T4CConnection.java:1099)
	at oracle.jdbc.driver.T4CConnection.logon(T4CConnection.java:879)
	at oracle.jdbc.driver.PhysicalConnection.connect(PhysicalConnection.java:1132)
	at oracle.jdbc.driver.T4CDriverExtension.getConnection(T4CDriverExtension.java:104)
	at oracle.jdbc.driver.OracleDriver.connect(OracleDriver.java:837)
	at oracle.jdbc.driver.OracleDriver.connect(OracleDriver.java:664)
	at org.jkiss.dbeaver.model.impl.jdbc.JDBCConnectionOpener.run(JDBCConnectionOpener.java:109)
	at org.jkiss.dbeaver.model.impl.jdbc.JDBCConnectionOpener.run(JDBCConnectionOpener.java:83)
	at org.jkiss.dbeaver.model.impl.jdbc.JDBCDataSource.openConnection(JDBCDataSource.java:221)
	... 27 more
Caused by: oracle.net.ns.NetException: ORA-12505: 데이터베이스에 접속할 수 없음: SID %s이(가) %s의 리스너에 등록되지 않았습니다. (CONNECTION_ID=LfTicfKsTVq6u5DG8yZtQg==)
	at oracle.net.ns.NSProtocolNIO.createRefusePacketException(NSProtocolNIO.java:916)
	at oracle.net.ns.NSProtocolNIO.handleConnectPacketResponse(NSProtocolNIO.java:454)
	at oracle.net.ns.NSProtocolNIO.negotiateConnection(NSProtocolNIO.java:262)
	at oracle.net.ns.NSProtocol.connect(NSProtocol.java:327)
	at oracle.jdbc.driver.T4CConnection.connectSession(T4CConnection.java:2882)
	at oracle.jdbc.driver.T4CConnection.logon(T4CConnection.java:811)
	... 34 more
2024-05-21 17:07:16.620 - Connect with 'localhost' (oracle_thin-18f9a2f27e2-3002481d11ec9fcb)
2024-05-21 17:07:16.621 - Execution context opened (localhost; Main; 1)
2024-05-21 17:07:16.644 - ORA-12505: 데이터베이스에 접속할 수 없음: SID %s이(가) %s의 리스너에 등록되지 않았습니다. (CONNECTION_ID=gwCDiugoTtOVm+HRaZKs+Q==)
org.jkiss.dbeaver.model.exec.DBCConnectException: ORA-12505: 데이터베이스에 접속할 수 없음: SID %s이(가) %s의 리스너에 등록되지 않았습니다. (CONNECTION_ID=gwCDiugoTtOVm+HRaZKs+Q==)
	at org.jkiss.dbeaver.model.impl.jdbc.JDBCDataSource.openConnection(JDBCDataSource.java:265)
	at org.jkiss.dbeaver.ext.oracle.model.OracleDataSource.openConnection(OracleDataSource.java:176)
	at org.jkiss.dbeaver.model.impl.jdbc.JDBCExecutionContext.connect(JDBCExecutionContext.java:106)
	at org.jkiss.dbeaver.model.impl.jdbc.JDBCRemoteInstance.initializeMainContext(JDBCRemoteInstance.java:102)
	at org.jkiss.dbeaver.model.impl.jdbc.JDBCRemoteInstance.<init>(JDBCRemoteInstance.java:61)
	at org.jkiss.dbeaver.model.impl.jdbc.JDBCDataSource.initializeRemoteInstance(JDBCDataSource.java:119)
	at org.jkiss.dbeaver.model.impl.jdbc.JDBCDataSource.<init>(JDBCDataSource.java:103)
	at org.jkiss.dbeaver.model.impl.jdbc.JDBCDataSource.<init>(JDBCDataSource.java:94)
	at org.jkiss.dbeaver.ext.oracle.model.OracleDataSource.<init>(OracleDataSource.java:94)
	at org.jkiss.dbeaver.ext.oracle.OracleDataSourceProvider.openDataSource(OracleDataSourceProvider.java:143)
	at org.jkiss.dbeaver.registry.DataSourceDescriptor.openDataSource(DataSourceDescriptor.java:1368)
	at org.jkiss.dbeaver.registry.DataSourceDescriptor.connect0(DataSourceDescriptor.java:1245)
	at org.jkiss.dbeaver.registry.DataSourceDescriptor.connect(DataSourceDescriptor.java:1035)
	at org.jkiss.dbeaver.runtime.jobs.ConnectJob.run(ConnectJob.java:78)
	at org.jkiss.dbeaver.runtime.jobs.ConnectJob.runSync(ConnectJob.java:109)
	at org.jkiss.dbeaver.ui.actions.datasource.DataSourceHandler.connectToDataSource(DataSourceHandler.java:113)
	at org.jkiss.dbeaver.ui.actions.datasource.UIServiceConnectionsImpl.initConnection(UIServiceConnectionsImpl.java:87)
	at org.jkiss.dbeaver.model.DBUtils.initDataSource(DBUtils.java:2505)
	at org.jkiss.dbeaver.model.navigator.DBNDataSource.initializeNode(DBNDataSource.java:158)
	at org.jkiss.dbeaver.model.navigator.DBNDatabaseNode.getChildren(DBNDatabaseNode.java:227)
	at org.jkiss.dbeaver.model.navigator.DBNDatabaseNode.getChildren(DBNDatabaseNode.java:1)
	at org.jkiss.dbeaver.model.navigator.DBNUtils.getNodeChildrenFiltered(DBNUtils.java:91)
	at org.jkiss.dbeaver.ui.navigator.database.load.TreeLoadService.evaluate(TreeLoadService.java:49)
	at org.jkiss.dbeaver.ui.navigator.database.load.TreeLoadService.evaluate(TreeLoadService.java:1)
	at org.jkiss.dbeaver.ui.LoadingJob.run(LoadingJob.java:94)
	at org.jkiss.dbeaver.ui.LoadingJob.run(LoadingJob.java:78)
	at org.jkiss.dbeaver.model.runtime.AbstractJob.run(AbstractJob.java:115)
	at org.eclipse.core.internal.jobs.Worker.run(Worker.java:63)
Caused by: java.sql.SQLException: ORA-12505: 데이터베이스에 접속할 수 없음: SID %s이(가) %s의 리스너에 등록되지 않았습니다. (CONNECTION_ID=gwCDiugoTtOVm+HRaZKs+Q==)
	at oracle.jdbc.driver.T4CConnection.handleLogonNetException(T4CConnection.java:1099)
	at oracle.jdbc.driver.T4CConnection.logon(T4CConnection.java:879)
	at oracle.jdbc.driver.PhysicalConnection.connect(PhysicalConnection.java:1132)
	at oracle.jdbc.driver.T4CDriverExtension.getConnection(T4CDriverExtension.java:104)
	at oracle.jdbc.driver.OracleDriver.connect(OracleDriver.java:837)
	at oracle.jdbc.driver.OracleDriver.connect(OracleDriver.java:664)
	at org.jkiss.dbeaver.model.impl.jdbc.JDBCConnectionOpener.run(JDBCConnectionOpener.java:109)
	at org.jkiss.dbeaver.model.impl.jdbc.JDBCConnectionOpener.run(JDBCConnectionOpener.java:83)
	at org.jkiss.dbeaver.model.impl.jdbc.JDBCDataSource.openConnection(JDBCDataSource.java:221)
	... 27 more
Caused by: oracle.net.ns.NetException: ORA-12505: 데이터베이스에 접속할 수 없음: SID %s이(가) %s의 리스너에 등록되지 않았습니다. (CONNECTION_ID=gwCDiugoTtOVm+HRaZKs+Q==)
	at oracle.net.ns.NSProtocolNIO.createRefusePacketException(NSProtocolNIO.java:916)
	at oracle.net.ns.NSProtocolNIO.handleConnectPacketResponse(NSProtocolNIO.java:454)
	at oracle.net.ns.NSProtocolNIO.negotiateConnection(NSProtocolNIO.java:262)
	at oracle.net.ns.NSProtocol.connect(NSProtocol.java:327)
	at oracle.jdbc.driver.T4CConnection.connectSession(T4CConnection.java:2882)
	at oracle.jdbc.driver.T4CConnection.logon(T4CConnection.java:811)
	... 34 more
> Start DBeaver SQL Terminal [org.jkiss.dbeaver.ui.editors.sql.terminal 1.0.107.202405191503]
> Start 콘솔 [org.eclipse.ui.console 3.14.100.v20240413-1529]
> Start 디버그 핵심 [org.eclipse.debug.core 3.21.400.v20240415-0528]
> Start DBeaver Tasks - Native Tools UI [org.jkiss.dbeaver.tasks.native.ui 1.0.109.202405191503]
> Start DBeaver Oracle UI [org.jkiss.dbeaver.ext.oracle.ui 1.0.118.202405191503]
> Start DBeaver Tasks - General UI [org.jkiss.dbeaver.tasks.ui 1.0.109.202405191503]
2024-05-21 17:07:56.062 - Connect with 'localhost' (oracle_thin-18f9a2f27e2-3002481d11ec9fcb)
2024-05-21 17:07:56.063 - Execution context opened (localhost; Main; 2)
2024-05-21 17:07:56.082 - ORA-12505: 데이터베이스에 접속할 수 없음: SID %s이(가) %s의 리스너에 등록되지 않았습니다. (CONNECTION_ID=kYS+2vm5Ta6SxbaQLnNT3Q==)
org.jkiss.dbeaver.model.exec.DBCConnectException: ORA-12505: 데이터베이스에 접속할 수 없음: SID %s이(가) %s의 리스너에 등록되지 않았습니다. (CONNECTION_ID=kYS+2vm5Ta6SxbaQLnNT3Q==)
	at org.jkiss.dbeaver.model.impl.jdbc.JDBCDataSource.openConnection(JDBCDataSource.java:265)
	at org.jkiss.dbeaver.ext.oracle.model.OracleDataSource.openConnection(OracleDataSource.java:176)
	at org.jkiss.dbeaver.model.impl.jdbc.JDBCExecutionContext.connect(JDBCExecutionContext.java:106)
	at org.jkiss.dbeaver.model.impl.jdbc.JDBCRemoteInstance.initializeMainContext(JDBCRemoteInstance.java:102)
	at org.jkiss.dbeaver.model.impl.jdbc.JDBCRemoteInstance.<init>(JDBCRemoteInstance.java:61)
	at org.jkiss.dbeaver.model.impl.jdbc.JDBCDataSource.initializeRemoteInstance(JDBCDataSource.java:119)
	at org.jkiss.dbeaver.model.impl.jdbc.JDBCDataSource.<init>(JDBCDataSource.java:103)
	at org.jkiss.dbeaver.model.impl.jdbc.JDBCDataSource.<init>(JDBCDataSource.java:94)
	at org.jkiss.dbeaver.ext.oracle.model.OracleDataSource.<init>(OracleDataSource.java:94)
	at org.jkiss.dbeaver.ext.oracle.OracleDataSourceProvider.openDataSource(OracleDataSourceProvider.java:143)
	at org.jkiss.dbeaver.registry.DataSourceDescriptor.openDataSource(DataSourceDescriptor.java:1368)
	at org.jkiss.dbeaver.registry.DataSourceDescriptor.connect0(DataSourceDescriptor.java:1245)
	at org.jkiss.dbeaver.registry.DataSourceDescriptor.connect(DataSourceDescriptor.java:1035)
	at org.jkiss.dbeaver.runtime.jobs.ConnectJob.run(ConnectJob.java:78)
	at org.jkiss.dbeaver.model.runtime.AbstractJob.run(AbstractJob.java:115)
	at org.eclipse.core.internal.jobs.Worker.run(Worker.java:63)
Caused by: java.sql.SQLException: ORA-12505: 데이터베이스에 접속할 수 없음: SID %s이(가) %s의 리스너에 등록되지 않았습니다. (CONNECTION_ID=kYS+2vm5Ta6SxbaQLnNT3Q==)
	at oracle.jdbc.driver.T4CConnection.handleLogonNetException(T4CConnection.java:1099)
	at oracle.jdbc.driver.T4CConnection.logon(T4CConnection.java:879)
	at oracle.jdbc.driver.PhysicalConnection.connect(PhysicalConnection.java:1132)
	at oracle.jdbc.driver.T4CDriverExtension.getConnection(T4CDriverExtension.java:104)
	at oracle.jdbc.driver.OracleDriver.connect(OracleDriver.java:837)
	at oracle.jdbc.driver.OracleDriver.connect(OracleDriver.java:664)
	at org.jkiss.dbeaver.model.impl.jdbc.JDBCConnectionOpener.run(JDBCConnectionOpener.java:109)
	at org.jkiss.dbeaver.model.impl.jdbc.JDBCConnectionOpener.run(JDBCConnectionOpener.java:83)
	at org.jkiss.dbeaver.model.impl.jdbc.JDBCDataSource.openConnection(JDBCDataSource.java:221)
	... 15 more
Caused by: oracle.net.ns.NetException: ORA-12505: 데이터베이스에 접속할 수 없음: SID %s이(가) %s의 리스너에 등록되지 않았습니다. (CONNECTION_ID=kYS+2vm5Ta6SxbaQLnNT3Q==)
	at oracle.net.ns.NSProtocolNIO.createRefusePacketException(NSProtocolNIO.java:916)
	at oracle.net.ns.NSProtocolNIO.handleConnectPacketResponse(NSProtocolNIO.java:454)
	at oracle.net.ns.NSProtocolNIO.negotiateConnection(NSProtocolNIO.java:262)
	at oracle.net.ns.NSProtocol.connect(NSProtocol.java:327)
	at oracle.jdbc.driver.T4CConnection.connectSession(T4CConnection.java:2882)
	at oracle.jdbc.driver.T4CConnection.logon(T4CConnection.java:811)
	... 22 more
> Start Data Transfer UI [org.jkiss.dbeaver.data.transfer.ui 1.0.115.202405191503]
2024-05-21 17:08:03.890 - Service 'org.jkiss.dbeaver.runtime.ui.UIServiceSecurity' not found
2024-05-21 17:08:03.910 - Unrecognized Oracle client version at C:\app\bitcamp\product\21c\dbhomeXE
> Start DBeaver Data Transfer [org.jkiss.dbeaver.data.transfer 2.0.115.202405191503]
2024-05-21 17:08:10.853 - Service 'org.jkiss.dbeaver.runtime.ui.UIServiceSecurity' not found
2024-05-21 17:08:20.021 - Connect with 'jdbc:oracle:thin:@localhost:1521:xe' (oracle_thin-18f9a31b51a-929140bc4f00d0)
2024-05-21 17:08:20.022 - Execution context opened (jdbc:oracle:thin:@localhost:1521:xe; Main; 3)
2024-05-21 17:08:20.294 - Connected (oracle_thin-18f9a31b51a-929140bc4f00d0, Oracle JDBC driver [23.2.0.0.0])
2024-05-21 17:08:20.306 - Execution context closed (jdbc:oracle:thin:@localhost:1521:xe, 3)
2024-05-21 17:08:20.306 - Disconnected (oracle_thin-18f9a31b51a-929140bc4f00d0)
2024-05-21 17:08:22.931 - Connect with 'localhost' (oracle_thin-18f9a2f27e2-3002481d11ec9fcb)
2024-05-21 17:08:22.933 - Execution context opened (localhost; Main; 4)
2024-05-21 17:08:22.966 - Execution context opened (localhost; Metadata; 5)
2024-05-21 17:08:22.994 - Connected (oracle_thin-18f9a2f27e2-3002481d11ec9fcb, Oracle JDBC driver [23.2.0.0.0])
2024-05-21 17:08:23.005 - Execution context opened (localhost; SQLEditor <Script.sql>; 6)
2024-05-21 17:08:28.521 - Delete empty SQL script '\General\Scripts\Script.sql'
2024-05-21 17:08:28.529 - Execution context closed (localhost, 6)
2024-05-21 17:08:32.611 - Execution context opened (localhost; SQLEditor <Script.sql>; 7)
2024-05-21 17:09:04.017 - Execution context closed (localhost, 7)
2024-05-21 17:09:04.170 - DBeaver is stopping
2024-05-21 17:09:04.171 - Stop instance server
2024-05-21 17:09:05.177 - Instance server has been stopped
2024-05-21 17:09:05.178 - DBeaver shutdown completed
